\BOOKMARK [1][-]{section.1}{\376\377\116\373\122\241\173\200\116\313}{}% 1
\BOOKMARK [2][-]{subsection.1.1}{\376\377\116\373\122\241\143\317\217\360}{section.1}% 2
\BOOKMARK [2][-]{subsection.1.2}{\376\377\145\160\143\156\117\341\140\157}{section.1}% 3
\BOOKMARK [3][-]{subsubsection.1.2.1}{\376\377\124\015\213\315\133\232\116\111}{subsection.1.2}% 4
\BOOKMARK [3][-]{subsubsection.1.2.2}{\376\377\145\160\143\156\145\207\116\366}{subsection.1.2}% 5
\BOOKMARK [3][-]{subsubsection.1.2.3}{\376\377\154\350\141\017\116\213\230\171}{subsection.1.2}% 6
\BOOKMARK [2][-]{subsection.1.3}{\376\377\143\320\116\244\150\074\137\017}{section.1}% 7
\BOOKMARK [2][-]{subsection.1.4}{\376\377\213\304\116\367\145\271\137\017}{section.1}% 8
\BOOKMARK [2][-]{subsection.1.5}{\376\377\116\072\116\300\116\110\117\177\165\050\000J\000u\000l\000i\000a\377\037}{section.1}% 9
\BOOKMARK [1][-]{section.2}{\376\377\145\160\143\156\230\204\131\004\164\006}{}% 10
\BOOKMARK [2][-]{subsection.2.1}{\376\377\117\032\213\335\122\006\147\220}{section.2}% 11
\BOOKMARK [2][-]{subsection.2.2}{\376\377\142\020\133\371\213\255\176\303}{section.2}% 12
\BOOKMARK [1][-]{section.3}{\376\377\165\050\142\067\121\164\215\243\152\041\127\213}{}% 13
\BOOKMARK [2][-]{subsection.3.1}{\376\377\226\220\126\340\133\120\152\041\127\213}{section.3}% 14
\BOOKMARK [2][-]{subsection.3.2}{\376\377\142\020\133\371\213\255\176\303}{section.3}% 15
\BOOKMARK [2][-]{subsection.3.3}{\376\377\226\217\147\072\150\257\136\246\116\013\226\115}{section.3}% 16
\BOOKMARK [2][-]{subsection.3.4}{\376\377\136\164\237\204\060\001\140\047\122\053\126\340\175\040}{section.3}% 17
\BOOKMARK [2][-]{subsection.3.5}{\376\377\225\364\143\245\123\315\231\210\117\341\140\157}{section.3}% 18
\BOOKMARK [2][-]{subsection.3.6}{\376\377\121\163\225\056\213\315\060\001\150\007\173\176\117\341\140\157}{section.3}% 19
\BOOKMARK [2][-]{subsection.3.7}{\376\377\165\050\142\067\060\001\162\151\124\301\117\341\140\157}{section.3}% 20
\BOOKMARK [1][-]{section.4}{\376\377\165\050\142\067\210\114\116\072\152\041\127\213}{}% 21
\BOOKMARK [2][-]{subsection.4.1}{\376\377\145\366\225\364\136\246\221\317}{section.4}% 22
\BOOKMARK [2][-]{subsection.4.2}{\376\377\151\202\163\207\230\204\155\113}{section.4}% 23
\BOOKMARK [1][-]{section.5}{\376\377\226\306\142\020\133\146\116\140\000A\000d\000a\000B\000o\000o\000s\000t}{}% 24
\BOOKMARK [2][-]{subsection.5.1}{\376\377\152\041\127\213\123\237\164\006}{section.5}% 25
\BOOKMARK [2][-]{subsection.5.2}{\376\377\213\255\176\303\145\271\154\325}{section.5}% 26
\BOOKMARK [1][-]{section.6}{\376\377\176\323\147\234\213\304\117\060}{}% 27
\BOOKMARK [2][-]{subsection.6.1}{\376\377\155\113\213\325\152\041\127\127}{section.6}% 28
\BOOKMARK [2][-]{subsection.6.2}{\376\377\155\113\213\325\176\323\147\234}{section.6}% 29
\BOOKMARK [1][-]{section.7}{\376\377\176\323\213\272}{}% 30
\BOOKMARK [1][-]{section*.4}{\376\377\123\302\200\003\145\207\163\056}{}% 31
\BOOKMARK [1][-]{section*.5}{\376\377\201\364\214\042}{}% 32
